{
  "RSpec": {
    "coverage": {
      "/home/beforesunset_MJ/tic-tac-toe-rb-ruby-intro-000/lib/tic_tac_toe.rb": [
        null,
        1,
        null,
        null,
        null,
        null,
        null,
        null,
        null,
        null,
        null,
        1,
        4,
        4,
        4,
        4,
        4,
        null,
        null,
        1,
        5,
        5,
        null,
        null,
        1,
        4,
        null,
        null,
        1,
        7,
        4,
        null,
        3,
        null,
        null,
        null,
        1,
        5,
        2,
        null,
        3,
        null,
        null,
        null,
        1,
        3,
        3,
        27,
        5,
        null,
        null,
        3,
        null,
        null,
        1,
        2,
        2,
        null,
        0,
        null,
        null,
        null,
        null,
        1,
        2,
        2,
        2,
        2,
        2,
        1,
        null,
        2,
        1,
        null,
        2,
        null,
        null,
        1,
        12,
        0,
        null,
        null,
        null,
        12,
        85,
        85,
        85,
        null,
        85,
        85,
        85,
        null,
        85,
        null,
        null,
        null,
        6,
        null,
        null,
        6,
        null,
        null,
        1,
        6,
        33,
        3,
        null,
        null,
        3,
        null,
        null,
        1,
        8,
        4,
        null,
        null,
        null,
        null,
        1,
        3,
        1,
        2,
        1,
        1,
        0,
        null,
        1,
        null,
        null,
        null,
        1,
        3,
        20,
        20,
        20,
        null,
        20,
        20,
        20,
        null,
        20,
        1,
        19,
        1,
        null,
        null,
        null,
        null,
        null,
        1,
        0,
        0,
        null,
        0,
        0,
        0,
        0,
        null,
        null,
        null,
        null,
        null,
        null,
        null,
        null,
        null,
        null,
        null,
        null,
        null,
        null,
        null,
        null,
        null,
        null
      ]
    },
    "timestamp": 1603434706
  }
}
