{
  "RSpec": {
    "coverage": {
      "/home/beforesunset_MJ/tic-tac-toe-rb-ruby-intro-000/lib/tic_tac_toe.rb": [
        null,
        1,
        null,
        null,
        null,
        null,
        null,
        null,
        null,
        null,
        null,
        1,
        24,
        24,
        24,
        24,
        24,
        null,
        null,
        1,
        22,
        22,
        null,
        null,
        1,
        21,
        null,
        null,
        1,
        24,
        21,
        null,
        3,
        null,
        null,
        null,
        1,
        22,
        19,
        null,
        3,
        null,
        null,
        null,
        1,
        20,
        20,
        180,
        31,
        null,
        null,
        20,
        null,
        null,
        1,
        19,
        13,
        null,
        6,
        null,
        null,
        null,
        null,
        1,
        19,
        19,
        19,
        19,
        19,
        1,
        null,
        19,
        18,
        null,
        19,
        null,
        null,
        1,
        48,
        3,
        null,
        null,
        null,
        45,
        292,
        292,
        292,
        null,
        292,
        292,
        292,
        null,
        292,
        null,
        null,
        null,
        18,
        null,
        null,
        27,
        null,
        null,
        1,
        32,
        141,
        25,
        null,
        null,
        7,
        null,
        null,
        1,
        29,
        20,
        null,
        null,
        null,
        null,
        1,
        21,
        4,
        17,
        11,
        6,
        0,
        null,
        6,
        null,
        null,
        null,
        1,
        26,
        161,
        161,
        161,
        null,
        161,
        161,
        161,
        null,
        161,
        7,
        154,
        4,
        null,
        null,
        null,
        null,
        null,
        1,
        12,
        17,
        null,
        12,
        5,
        7,
        3,
        null,
        null,
        null,
        null,
        null,
        null,
        null,
        null,
        null,
        null,
        null,
        null,
        null,
        null,
        null,
        null,
        null,
        null
      ]
    },
    "timestamp": 1603434730
  }
}
